[0.030s] Invoking command in '/home/arjun/optimus1_ws/build/serial_motor_demo_msgs': CMAKE_PREFIX_PATH=${CMAKE_PREFIX_PATH}:/home/arjun/optimus1_ws/install/serial_motor_demo:/home/arjun/optimus1_ws/install/diffdrive_arduino:/home/arjun/opt_ws/install/my_bot_controller:/home/arjun/ros2_ws/install/my_robot_controller:/opt/ros/humble /usr/bin/cmake /home/arjun/optimus1_ws/serial_motor_demo_msgs -DAMENT_CMAKE_SYMLINK_INSTALL=1 -DCMAKE_INSTALL_PREFIX=/home/arjun/optimus1_ws/install/serial_motor_demo_msgs
[0.049s] -- Found ament_cmake: 1.3.10 (/opt/ros/humble/share/ament_cmake/cmake)
[0.209s] -- Found Python3: /usr/bin/python3 (found version "3.10.12") found components: Interpreter 
[0.270s] -- Override CMake install command with custom implementation using symlinks instead of copying resources
[0.459s] -- Found ament_lint_auto: 0.12.11 (/opt/ros/humble/share/ament_lint_auto/cmake)
[0.638s] -- Found rosidl_default_generators: 1.2.0 (/opt/ros/humble/share/rosidl_default_generators/cmake)
[0.642s] -- Using all available rosidl_typesupport_c: rosidl_typesupport_fastrtps_c;rosidl_typesupport_introspection_c
[0.646s] -- Found rosidl_adapter: 3.1.5 (/opt/ros/humble/share/rosidl_adapter/cmake)
[0.671s] -- Using all available rosidl_typesupport_cpp: rosidl_typesupport_fastrtps_cpp;rosidl_typesupport_introspection_cpp
[0.955s] -- Found ament_cmake_ros: 0.10.0 (/opt/ros/humble/share/ament_cmake_ros/cmake)
[1.293s] -- Using all available rosidl_typesupport_c: rosidl_typesupport_fastrtps_c;rosidl_typesupport_introspection_c
[1.880s] -- Using all available rosidl_typesupport_cpp: rosidl_typesupport_fastrtps_cpp;rosidl_typesupport_introspection_cpp
[1.928s] -- Found python_cmake_module: 0.10.0 (/opt/ros/humble/share/python_cmake_module/cmake)
[1.973s] -- Using PYTHON_EXECUTABLE: /usr/bin/python3
[1.973s] -- Using PYTHON_INCLUDE_DIRS: /usr/include/python3.10
[1.973s] -- Using PYTHON_LIBRARIES: /usr/lib/x86_64-linux-gnu/libpython3.10.so
[2.027s] -- Added test 'copyright' to check source files copyright and LICENSE
[2.028s] -- Added test 'lint_cmake' to check CMake code style
[2.029s] -- Added test 'xmllint' to check XML markup files
[2.047s] -- Configuring done
[2.149s] -- Generating done
[2.153s] -- Build files have been written to: /home/arjun/optimus1_ws/build/serial_motor_demo_msgs
[2.178s] Invoked command in '/home/arjun/optimus1_ws/build/serial_motor_demo_msgs' returned '0': CMAKE_PREFIX_PATH=${CMAKE_PREFIX_PATH}:/home/arjun/optimus1_ws/install/serial_motor_demo:/home/arjun/optimus1_ws/install/diffdrive_arduino:/home/arjun/opt_ws/install/my_bot_controller:/home/arjun/ros2_ws/install/my_robot_controller:/opt/ros/humble /usr/bin/cmake /home/arjun/optimus1_ws/serial_motor_demo_msgs -DAMENT_CMAKE_SYMLINK_INSTALL=1 -DCMAKE_INSTALL_PREFIX=/home/arjun/optimus1_ws/install/serial_motor_demo_msgs
[2.182s] Invoking command in '/home/arjun/optimus1_ws/build/serial_motor_demo_msgs': CMAKE_PREFIX_PATH=${CMAKE_PREFIX_PATH}:/home/arjun/optimus1_ws/install/serial_motor_demo:/home/arjun/optimus1_ws/install/diffdrive_arduino:/home/arjun/opt_ws/install/my_bot_controller:/home/arjun/ros2_ws/install/my_robot_controller:/opt/ros/humble /usr/bin/cmake --build /home/arjun/optimus1_ws/build/serial_motor_demo_msgs -- -j8 -l8
[2.405s] [  2%] [34m[1mGenerating C code for ROS interfaces[0m
[2.465s] [  4%] [34m[1mGenerating C++ code for ROS interfaces[0m
[2.467s] failed to create symbolic link '/home/arjun/optimus1_ws/build/serial_motor_demo_msgs/ament_cmake_python/serial_motor_demo_msgs/serial_motor_demo_msgs' because existing path cannot be removed: Is a directory
[2.469s] gmake[2]: *** [CMakeFiles/ament_cmake_python_symlink_serial_motor_demo_msgs.dir/build.make:70: CMakeFiles/ament_cmake_python_symlink_serial_motor_demo_msgs] Error 1
[2.469s] gmake[1]: *** [CMakeFiles/Makefile2:421: CMakeFiles/ament_cmake_python_symlink_serial_motor_demo_msgs.dir/all] Error 2
[2.470s] gmake[1]: *** Waiting for unfinished jobs....
[2.787s] [35m[1mConsolidate compiler generated dependencies of target serial_motor_demo_msgs__rosidl_generator_c[0m
[2.799s] [ 10%] [32mBuilding C object CMakeFiles/serial_motor_demo_msgs__rosidl_generator_c.dir/rosidl_generator_c/serial_motor_demo_msgs/msg/detail/motor_vels__functions.c.o[0m
[2.799s] [ 10%] [32mBuilding C object CMakeFiles/serial_motor_demo_msgs__rosidl_generator_c.dir/rosidl_generator_c/serial_motor_demo_msgs/msg/detail/motor_command__functions.c.o[0m
[2.799s] [ 10%] [32mBuilding C object CMakeFiles/serial_motor_demo_msgs__rosidl_generator_c.dir/rosidl_generator_c/serial_motor_demo_msgs/msg/detail/encoder_vals__functions.c.o[0m
[2.875s] [ 12%] [32m[1mLinking C shared library libserial_motor_demo_msgs__rosidl_generator_c.so[0m
[2.875s] [ 12%] Built target serial_motor_demo_msgs__cpp
[2.903s] [ 12%] Built target serial_motor_demo_msgs__rosidl_generator_c
[2.904s] gmake: *** [Makefile:146: all] Error 2
[2.906s] Invoked command in '/home/arjun/optimus1_ws/build/serial_motor_demo_msgs' returned '2': CMAKE_PREFIX_PATH=${CMAKE_PREFIX_PATH}:/home/arjun/optimus1_ws/install/serial_motor_demo:/home/arjun/optimus1_ws/install/diffdrive_arduino:/home/arjun/opt_ws/install/my_bot_controller:/home/arjun/ros2_ws/install/my_robot_controller:/opt/ros/humble /usr/bin/cmake --build /home/arjun/optimus1_ws/build/serial_motor_demo_msgs -- -j8 -l8
